<?xml version="1.0" encoding="UTF-8"?>
<testsuite name="JUnitTest" tests="1" skipped="0" failures="0" errors="0" timestamp="2021-10-18T12:16:37" hostname="Joyannes-MacBook-Air.local" time="0.151">
  <properties/>
  <testcase name="runTest()" classname="JUnitTest" time="0.151"/>
  <system-out><![CDATA[]]></system-out>
  <system-err><![CDATA[]]></system-err>
</testsuite>
